/opt/clion-2016.3.2/bin/cmake/bin/cmake -DCMAKE_BUILD_TYPE=Debug -G "CodeBlocks - Unix Makefiles" /run/user/1000/gvfs/smb-share:server=101.6.30.201,share=netarchlab/cachep4-dpdk/case0
CMake Error at /opt/clion-2016.3.2/bin/cmake/share/cmake-3.6/Modules/CMakeDetermineSystem.cmake:189 (configure_file):
  configure_file Problem configuring file
Call Stack (most recent call first):
  CMakeLists.txt:2 (project)


-- The C compiler identification is unknown
CMake Error at /opt/clion-2016.3.2/bin/cmake/share/cmake-3.6/Modules/CMakeDetermineCCompiler.cmake:184 (configure_file):
  configure_file Problem configuring file
Call Stack (most recent call first):
  CMakeLists.txt:2 (project)


-- The CXX compiler identification is unknown
CMake Error at /opt/clion-2016.3.2/bin/cmake/share/cmake-3.6/Modules/CMakeDetermineCXXCompiler.cmake:179 (configure_file):
  configure_file Problem configuring file
Call Stack (most recent call first):
  CMakeLists.txt:2 (project)


-- Check for working C compiler: /usr/bin/cc
-- Check for working C compiler: /usr/bin/cc -- broken
CMake Error at /opt/clion-2016.3.2/bin/cmake/share/cmake-3.6/Modules/CMakeTestCCompiler.cmake:61 (message):
  The C compiler "/usr/bin/cc" is not able to compile a simple test program.

  It fails with the following output:

   Change Dir: /run/user/1000/gvfs/smb-share:server=101.6.30.201,share=netarchlab/cachep4-dpdk/case0/cmake-build-debug/CMakeFiles/CMakeTmp

  

  Run Build Command:"/usr/bin/make" "cmTC_b1487/fast"

  /usr/bin/make -f CMakeFiles/cmTC_b1487.dir/build.make
  CMakeFiles/cmTC_b1487.dir/build

  make[1]: Entering directory
  '/run/user/1000/gvfs/smb-share:server=101.6.30.201,share=netarchlab/cachep4-dpdk/case0/cmake-build-debug/CMakeFiles/CMakeTmp'


  Building C object CMakeFiles/cmTC_b1487.dir/testCCompiler.c.o

  /usr/bin/cc -o CMakeFiles/cmTC_b1487.dir/testCCompiler.c.o -c
  /run/user/1000/gvfs/smb-share:server=101.6.30.201,share=netarchlab/cachep4-dpdk/case0/cmake-build-debug/CMakeFiles/CMakeTmp/testCCompiler.c


  /tmp/ccGdKTih.s: Assembler messages:

  /tmp/ccGdKTih.s: Fatal error: can't write 19 bytes to section .text of
  CMakeFiles/cmTC_b1487.dir/testCCompiler.c.o because: 'Operation not
  supported'

  /tmp/ccGdKTih.s: Fatal error: can't close
  CMakeFiles/cmTC_b1487.dir/testCCompiler.c.o: Operation not supported

  CMakeFiles/cmTC_b1487.dir/build.make:65: recipe for target
  'CMakeFiles/cmTC_b1487.dir/testCCompiler.c.o' failed

  make[1]: *** [CMakeFiles/cmTC_b1487.dir/testCCompiler.c.o] Error 1

  make[1]: Leaving directory
  '/run/user/1000/gvfs/smb-share:server=101.6.30.201,share=netarchlab/cachep4-dpdk/case0/cmake-build-debug/CMakeFiles/CMakeTmp'


  Makefile:126: recipe for target 'cmTC_b1487/fast' failed

  make: *** [cmTC_b1487/fast] Error 2

  

  

  CMake will not be able to correctly generate this project.
Call Stack (most recent call first):
  CMakeLists.txt:2 (project)


-- Configuring incomplete, errors occurred!
See also "/run/user/1000/gvfs/smb-share:server=101.6.30.201,share=netarchlab/cachep4-dpdk/case0/cmake-build-debug/CMakeFiles/CMakeOutput.log".
See also "/run/user/1000/gvfs/smb-share:server=101.6.30.201,share=netarchlab/cachep4-dpdk/case0/cmake-build-debug/CMakeFiles/CMakeError.log".
